# JRE version: OpenJDK Runtime Environment (11.0.2+9) (build 11.0.2+9)
# Java VM: OpenJDK 64-Bit Server VM (11.0.2+9, mixed mode, tiered, compressed oops, g1 gc, windows-amd64)
Heap:
 garbage-first heap   total 564224K, used 198613K [0x0000000740000000, 0x0000000800000000)
  region size 1024K, 3 young (3072K), 0 survivors (0K)
 Metaspace       used 101635K, capacity 103477K, committed 105040K, reserved 1138688K
  class space    used 13998K, capacity 14787K, committed 15360K, reserved 1048576K
GC Heap History (10 events):
Event: 13986.559 GC heap before
{Heap before GC invocations=518 (full 121):
 garbage-first heap   total 564224K, used 281056K [0x0000000740000000, 0x0000000800000000)
  region size 1024K, 60 young (61440K), 3 survivors (3072K)
 Metaspace       used 101652K, capacity 103519K, committed 105040K, reserved 1138688K
  class space    used 14005K, capacity 14800K, committed 15360K, reserved 1048576K
}
Event: 13986.680 GC heap after
{Heap after GC invocations=519 (full 121):
 garbage-first heap   total 564224K, used 222444K [0x0000000740000000, 0x0000000800000000)
  region size 1024K, 3 young (3072K), 3 survivors (3072K)
 Metaspace       used 101652K, capacity 103519K, committed 105040K, reserved 1138688K
  class space    used 14005K, capacity 14800K, committed 15360K, reserved 1048576K
}
Event: 13999.472 GC heap before
{Heap before GC invocations=520 (full 121):
 garbage-first heap   total 564224K, used 280812K [0x0000000740000000, 0x0000000800000000)
  region size 1024K, 60 young (61440K), 3 survivors (3072K)
 Metaspace       used 101652K, capacity 103519K, committed 105040K, reserved 1138688K
  class space    used 14005K, capacity 14800K, committed 15360K, reserved 1048576K
}
Event: 13999.534 GC heap after
{Heap after GC invocations=521 (full 121):
 garbage-first heap   total 564224K, used 222769K [0x0000000740000000, 0x0000000800000000)
  region size 1024K, 3 young (3072K), 3 survivors (3072K)
 Metaspace       used 101652K, capacity 103519K, committed 105040K, reserved 1138688K
  class space    used 14005K, capacity 14800K, committed 15360K, reserved 1048576K
}
Event: 14012.374 GC heap before
{Heap before GC invocations=521 (full 121):
 garbage-first heap   total 564224K, used 281137K [0x0000000740000000, 0x0000000800000000)
  region size 1024K, 60 young (61440K), 3 survivors (3072K)
 Metaspace       used 101652K, capacity 103519K, committed 105040K, reserved 1138688K
  class space    used 14005K, capacity 14800K, committed 15360K, reserved 1048576K
}
Event: 14012.513 GC heap after
{Heap after GC invocations=522 (full 121):
 garbage-first heap   total 564224K, used 222822K [0x0000000740000000, 0x0000000800000000)
  region size 1024K, 3 young (3072K), 3 survivors (3072K)
 Metaspace       used 101652K, capacity 103519K, committed 105040K, reserved 1138688K
  class space    used 14005K, capacity 14800K, committed 15360K, reserved 1048576K
}
Event: 14039.502 GC heap before
{Heap before GC invocations=523 (full 121):
 garbage-first heap   total 564224K, used 281190K [0x0000000740000000, 0x0000000800000000)
  region size 1024K, 60 young (61440K), 3 survivors (3072K)
 Metaspace       used 101635K, capacity 103477K, committed 105040K, reserved 1138688K
  class space    used 13998K, capacity 14787K, committed 15360K, reserved 1048576K
}
Event: 14039.530 GC heap after
{Heap after GC invocations=524 (full 121):
 garbage-first heap   total 564224K, used 222087K [0x0000000740000000, 0x0000000800000000)
  region size 1024K, 2 young (2048K), 2 survivors (2048K)
 Metaspace       used 101635K, capacity 103477K, committed 105040K, reserved 1138688K
  class space    used 13998K, capacity 14787K, committed 15360K, reserved 1048576K
}
Event: 14045.603 GC heap before
{Heap before GC invocations=524 (full 121):
 garbage-first heap   total 564224K, used 253831K [0x0000000740000000, 0x0000000800000000)
  region size 1024K, 34 young (34816K), 2 survivors (2048K)
 Metaspace       used 101635K, capacity 103477K, committed 105040K, reserved 1138688K
  class space    used 13998K, capacity 14787K, committed 15360K, reserved 1048576K
}
Event: 14047.039 GC heap after
{Heap after GC invocations=525 (full 122):
 garbage-first heap   total 564224K, used 196565K [0x0000000740000000, 0x0000000800000000)
  region size 1024K, 0 young (0K), 0 survivors (0K)
 Metaspace       used 101635K, capacity 103477K, committed 105040K, reserved 1138688K
  class space    used 13998K, capacity 14787K, committed 15360K, reserved 1048576K
}

